<?xml version="1.0" encoding="UTF-8"?>
<!-- Generated by org.testng.reporters.JUnitXMLReporter -->
<testsuite ignored="1" hostname="SK-W7" failures="0" tests="1" name="NegativeTests" time="14.145" errors="0" timestamp="2020-11-17T22:45:43 IST">
  <testcase classname="com.herokuapp.theinternet.NegativeTests" name="invalidPasswordTest" time="14.059"/>
  <testcase classname="com.herokuapp.theinternet.NegativeTests" name="invalidLoginTest" time="0.0">
    <ignored/>
  </testcase> <!-- invalidLoginTest -->
</testsuite> <!-- NegativeTests -->
